#-----------------------------------------------------------
# Vivado v2017.4 (64-bit)
# SW Build 2086221 on Fri Dec 15 20:55:39 MST 2017
# IP Build 2085800 on Fri Dec 15 22:25:07 MST 2017
# Start of session at: Tue Nov 15 23:16:26 2022
# Process ID: 17524
# Current directory: D:/ComputerExp/elevator
# Command line: vivado.exe -gui_launcher_event rodinguilauncherevent47052 D:\ComputerExp\elevator\elevator.xpr
# Log file: D:/ComputerExp/elevator/vivado.log
# Journal file: D:/ComputerExp/elevator\vivado.jou
#-----------------------------------------------------------
start_gui
open_project D:/ComputerExp/elevator/elevator.xpr
Scanning sources...
Finished scanning sources
WARNING: [Project 1-509] GeneratedRun file for 'synth_1' not found
WARNING: [Project 1-509] GeneratedRun file for 'impl_1' not found
INFO: [IP_Flow 19-234] Refreshing IP repositories
INFO: [IP_Flow 19-1704] No user IP repositories specified
INFO: [IP_Flow 19-2313] Loaded Vivado IP repository 'D:/XILINX/Vivado/2017.4/data/ip'.
update_compile_order -fileset sources_1
launch_runs synth_1 -jobs 6
[Tue Nov 15 23:16:57 2022] Launched synth_1...
Run output will be captured here: D:/ComputerExp/elevator/elevator.runs/synth_1/runme.log
launch_runs impl_1 -jobs 6
[Tue Nov 15 23:17:29 2022] Launched impl_1...
Run output will be captured here: D:/ComputerExp/elevator/elevator.runs/impl_1/runme.log
reset_run synth_1
launch_runs synth_1 -jobs 6
[Tue Nov 15 23:33:32 2022] Launched synth_1...
Run output will be captured here: D:/ComputerExp/elevator/elevator.runs/synth_1/runme.log
launch_runs impl_1 -jobs 6
[Tue Nov 15 23:34:01 2022] Launched impl_1...
Run output will be captured here: D:/ComputerExp/elevator/elevator.runs/impl_1/runme.log
reset_run synth_1
launch_runs synth_1 -jobs 6
[Tue Nov 15 23:37:37 2022] Launched synth_1...
Run output will be captured here: D:/ComputerExp/elevator/elevator.runs/synth_1/runme.log
launch_runs impl_1 -jobs 6
[Tue Nov 15 23:39:47 2022] Launched impl_1...
Run output will be captured here: D:/ComputerExp/elevator/elevator.runs/impl_1/runme.log
exit
INFO: [Common 17-206] Exiting Vivado at Tue Nov 15 23:44:28 2022...
